<?xml version="1.0" encoding="UTF-8"?>
<!-- Generated by org.testng.reporters.JUnitReportReporter -->
<testsuite skipped="0" hostname="Manish-PC" name="com.mts.testcases.LoginTestCRM" tests="1" failures="0" timestamp="03 Aug 2019 05:15:22 GMT" time="18.768" errors="0">
  <testcase name="loginApp" time="18.768" classname="com.mts.testcases.LoginTestCRM"/>
</testsuite> <!-- com.mts.testcases.LoginTestCRM -->
